2026-03-17 02:34:29,802 [INFO] __main__: User logged in: shikherjain786@gmail.com
2026-03-17 02:37:09,257 [INFO] sentence_transformers.SentenceTransformer: Use pytorch device_name: cpu
2026-03-17 02:37:09,257 [INFO] sentence_transformers.SentenceTransformer: Use pytorch device_name: cpu
2026-03-17 02:37:09,272 [INFO] sentence_transformers.SentenceTransformer: Load pretrained SentenceTransformer: all-MiniLM-L6-v2
2026-03-17 02:37:09,272 [INFO] sentence_transformers.SentenceTransformer: Load pretrained SentenceTransformer: all-MiniLM-L6-v2
2026-03-17 02:37:19,776 [INFO] __main__: Generated 3 leads for user_id=2
2026-03-17 02:43:52,527 [INFO] sentence_transformers.SentenceTransformer: Use pytorch device_name: cpu
2026-03-17 02:43:52,530 [INFO] sentence_transformers.SentenceTransformer: Load pretrained SentenceTransformer: all-MiniLM-L6-v2
2026-03-17 02:43:57,387 [INFO] sentence_transformers.SentenceTransformer: Use pytorch device_name: cpu
2026-03-17 02:43:57,387 [INFO] sentence_transformers.SentenceTransformer: Load pretrained SentenceTransformer: all-MiniLM-L6-v2
2026-03-17 02:44:04,327 [INFO] __main__: Generated 3 leads for user_id=2
2026-03-17 02:46:06,002 [INFO] __main__: Generated 0 leads for user_id=2
2026-03-17 02:46:26,606 [INFO] __main__: Generated 0 leads for user_id=2
2026-03-17 03:05:31,746 [INFO] __main__: User logged in: shikherjain786@gmail.com
2026-03-17 03:08:16,467 [INFO] __main__: User logged in: shikherjain786@gmail.com
2026-03-17 03:23:28,893 [INFO] __main__: Generated 0 leads for user_id=2
2026-03-17 03:25:10,824 [INFO] __main__: Generated 0 leads for user_id=2
2026-03-17 03:52:31,595 [INFO] __main__: Email campaign completed: sent=1 user_id=2
2026-03-17 03:58:53,525 [INFO] __main__: User logged in: shikherjain786@gmail.com
2026-03-17 04:00:45,147 [INFO] __main__: Generated 0 leads for user_id=2
2026-03-17 04:02:16,866 [INFO] __main__: Generated 0 leads for user_id=2
2026-03-17 04:04:53,927 [INFO] __main__: Generated 0 leads for user_id=2
2026-03-17 04:06:01,463 [INFO] __main__: Generated 0 leads for user_id=2
2026-03-17 17:30:51,216 [INFO] __main__: User logged in: shikherjain786@gmail.com
2026-03-17 17:35:17,479 [INFO] __main__: Generated 0 leads for user_id=2
2026-03-17 17:35:38,194 [INFO] __main__: Generated 0 leads for user_id=2
2026-03-17 17:35:49,673 [INFO] __main__: Generated 0 leads for user_id=2
2026-03-17 17:36:22,228 [INFO] __main__: Generated 0 leads for user_id=2
2026-03-17 18:28:13,114 [INFO] __main__: User logged in: shikherjain786@gmail.com
2026-03-17 18:31:49,864 [INFO] __main__: Generated 0 leads for user_id=2
2026-03-17 18:58:07,895 [INFO] pipeline: [pipeline] start user='shikherjain786_at_gmail_com' top_n=20 location='India' job_type='full_time' experience_level='fresher'
2026-03-17 18:58:08,353 [INFO] pipeline: [pipeline] resume extracted chars=3818
2026-03-17 18:58:10,901 [INFO] pipeline: [pipeline] skills_detected=52 sample=['python', 'pytorch', 'scikit-learn', 'pandas', 'numpy', 'flask', 'fastapi', 'machine learning', 'nlp', 'sql']
2026-03-17 18:58:10,902 [INFO] pipeline: [pipeline] query_primary='python pytorch scikit-learn pandas numpy fresher full_time India'
2026-03-17 18:58:10,903 [INFO] pipeline: [pipeline] queries_sent=['python pytorch scikit-learn pandas numpy fresher full_time India']
2026-03-17 18:58:10,904 [INFO] job_search: [search_jobs_multi] sending_queries=['python pytorch scikit-learn pandas numpy fresher full_time India'] location='India' job_type='full_time' timeout=20 max_workers=6
2026-03-17 18:58:10,908 [INFO] job_search: [search_jobs] normalized_queries=['python pytorch scikit-learn pandas numpy fresher full_time India']
2026-03-17 18:58:10,911 [INFO] job_search: [search_jobs][query] sending='python pytorch scikit-learn pandas numpy fresher full_time India'
2026-03-17 18:58:10,914 [INFO] job_search: [search_jobs][remotive] query='python pytorch scikit-learn pandas numpy fresher full_time India' location='India' job_type='full_time'
2026-03-17 18:58:10,916 [INFO] job_search: [search_jobs][adzuna] request what='python pytorch scikit-learn pandas numpy fresher full_time India' url='https://api.adzuna.com/v1/api/jobs/in/search/1'
2026-03-17 18:58:10,918 [INFO] job_search: [search_jobs][jooble] request keywords='python pytorch scikit-learn pandas numpy fresher full_time India' location='India'
2026-03-17 18:58:12,737 [INFO] job_search: [search_jobs][remotive] api_results=0 query='python pytorch scikit-learn pandas numpy fresher full_time India'
2026-03-17 18:58:13,621 [INFO] job_search: [search_jobs][jooble] api_results=30 query='python pytorch scikit-learn pandas numpy fresher full_time India'
2026-03-17 18:58:13,624 [INFO] job_search: [search_jobs][Jooble] returned=20 query='python pytorch scikit-learn pandas numpy fresher full_time India'
2026-03-17 18:58:13,927 [INFO] job_search: [search_jobs][adzuna] api_results=0 query='python pytorch scikit-learn pandas numpy fresher full_time India'
2026-03-17 18:58:13,928 [INFO] job_search: [search_jobs][adzuna] fallback_relaxed_query='python'
2026-03-17 18:58:13,929 [INFO] job_search: [search_jobs][adzuna] request what='python' url='https://api.adzuna.com/v1/api/jobs/in/search/1'
2026-03-17 18:58:14,119 [INFO] job_search: [search_jobs][Remotive] returned=4 query='python pytorch scikit-learn pandas numpy fresher full_time India'
2026-03-17 18:58:16,792 [INFO] job_search: [search_jobs][adzuna] fallback_results=20 query='python'
2026-03-17 18:58:16,796 [INFO] job_search: [search_jobs][Adzuna] returned=20 query='python pytorch scikit-learn pandas numpy fresher full_time India'
2026-03-17 18:58:16,800 [INFO] job_search: [search_jobs][query] merged_total=44 query='python pytorch scikit-learn pandas numpy fresher full_time India'
2026-03-17 18:58:16,810 [INFO] pipeline: [pipeline] jobs_after_multi_search=44
2026-03-17 18:58:16,815 [INFO] pipeline: [pipeline] jobs_after_experience_filter=0 (before=44 keyword='fresher')
2026-03-17 18:58:16,817 [INFO] pipeline: [pipeline] ranked_jobs_count=0
2026-03-17 18:58:16,819 [INFO] pipeline: [pipeline] top_jobs=0 jobs_with_skill_match=0 csv_rows=0
2026-03-17 18:58:16,840 [INFO] pipeline: [pipeline] csv_written path=C:\shikher_jain\Automatic\Cold_mail\generated\user_shikherjain786_at_gmail_com\hr.csv rows=0
2026-03-17 18:58:18,943 [INFO] __main__: Generated 0 leads for user_id=2
2026-03-17 18:58:55,657 [INFO] pipeline: [pipeline] start user='shikherjain786_at_gmail_com' top_n=20 location='India' job_type='full_time' experience_level='fresher'
2026-03-17 18:58:56,038 [INFO] pipeline: [pipeline] resume extracted chars=3818
2026-03-17 18:58:58,678 [INFO] pipeline: [pipeline] skills_detected=66 sample=['python', 'pytorch', 'scikit-learn', 'pandas', 'numpy', 'flask', 'fastapi', 'machine learning', 'nlp', 'sql']
2026-03-17 18:58:58,679 [INFO] pipeline: [pipeline] query_primary='python pytorch scikit-learn pandas numpy fresher full_time India'
2026-03-17 18:58:58,680 [INFO] pipeline: [pipeline] queries_sent=['python pytorch scikit-learn pandas numpy fresher full_time India']
2026-03-17 18:58:58,681 [INFO] job_search: [search_jobs_multi] sending_queries=['python pytorch scikit-learn pandas numpy fresher full_time India'] location='India' job_type='full_time' timeout=20 max_workers=2
2026-03-17 18:58:58,683 [INFO] job_search: [search_jobs] normalized_queries=['python pytorch scikit-learn pandas numpy fresher full_time India']
2026-03-17 18:58:58,685 [INFO] job_search: [search_jobs][query] sending='python pytorch scikit-learn pandas numpy fresher full_time India'
2026-03-17 18:58:58,687 [INFO] job_search: [search_jobs][remotive] query='python pytorch scikit-learn pandas numpy fresher full_time India' location='India' job_type='full_time'
2026-03-17 18:58:58,688 [INFO] job_search: [search_jobs][adzuna] request what='python pytorch scikit-learn pandas numpy fresher full_time India' url='https://api.adzuna.com/v1/api/jobs/in/search/1'
2026-03-17 18:58:58,689 [INFO] job_search: [search_jobs][jooble] request keywords='python pytorch scikit-learn pandas numpy fresher full_time India' location='India'
2026-03-17 18:59:00,482 [INFO] job_search: [search_jobs][remotive] api_results=0 query='python pytorch scikit-learn pandas numpy fresher full_time India'
2026-03-17 18:59:00,522 [INFO] job_search: [search_jobs][Remotive] returned=4 query='python pytorch scikit-learn pandas numpy fresher full_time India'
2026-03-17 18:59:01,441 [INFO] job_search: [search_jobs][adzuna] api_results=0 query='python pytorch scikit-learn pandas numpy fresher full_time India'
2026-03-17 18:59:01,442 [INFO] job_search: [search_jobs][adzuna] fallback_relaxed_query='python'
2026-03-17 18:59:01,444 [INFO] job_search: [search_jobs][adzuna] request what='python' url='https://api.adzuna.com/v1/api/jobs/in/search/1'
2026-03-17 18:59:02,059 [INFO] job_search: [search_jobs][jooble] api_results=30 query='python pytorch scikit-learn pandas numpy fresher full_time India'
2026-03-17 18:59:02,061 [INFO] job_search: [search_jobs][Jooble] returned=20 query='python pytorch scikit-learn pandas numpy fresher full_time India'
2026-03-17 18:59:04,379 [INFO] job_search: [search_jobs][adzuna] fallback_results=20 query='python'
2026-03-17 18:59:04,384 [INFO] job_search: [search_jobs][Adzuna] returned=20 query='python pytorch scikit-learn pandas numpy fresher full_time India'
2026-03-17 18:59:04,388 [INFO] job_search: [search_jobs][query] merged_total=44 query='python pytorch scikit-learn pandas numpy fresher full_time India'
2026-03-17 18:59:04,396 [INFO] pipeline: [pipeline] jobs_after_multi_search=44
2026-03-17 18:59:04,401 [INFO] pipeline: [pipeline] jobs_after_experience_filter=0 (before=44 keyword='fresher')
2026-03-17 18:59:04,403 [INFO] pipeline: [pipeline] ranked_jobs_count=0
2026-03-17 18:59:04,404 [INFO] pipeline: [pipeline] top_jobs=0 jobs_with_skill_match=0 csv_rows=0
2026-03-17 18:59:04,417 [INFO] pipeline: [pipeline] csv_written path=C:\shikher_jain\Automatic\Cold_mail\generated\user_shikherjain786_at_gmail_com\hr.csv rows=0
2026-03-17 18:59:05,955 [INFO] __main__: Generated 0 leads for user_id=2
2026-03-17 19:04:15,025 [INFO] pipeline: [pipeline] start user='shikherjain786_at_gmail_com' top_n=20 location='India' job_type='full_time' experience_level='fresher'
2026-03-17 19:04:15,196 [INFO] pipeline: [pipeline] resume extracted chars=3818
2026-03-17 19:04:16,608 [INFO] pipeline: [pipeline] skills_detected=48 sample=['python', 'pytorch', 'scikit-learn', 'pandas', 'numpy', 'flask', 'fastapi', 'machine learning', 'nlp', 'sql']
2026-03-17 19:04:16,609 [INFO] pipeline: [pipeline] query_primary='python pytorch scikit-learn pandas numpy fresher full_time India'
2026-03-17 19:04:16,610 [INFO] pipeline: [pipeline] queries_sent=['python pytorch scikit-learn pandas numpy fresher full_time India']
2026-03-17 19:04:16,610 [INFO] job_search: [search_jobs_multi] sending_queries=['python pytorch scikit-learn pandas numpy fresher full_time India'] location='India' job_type='full_time' timeout=20 max_workers=2
2026-03-17 19:04:16,611 [INFO] job_search: [search_jobs] normalized_queries=['python pytorch scikit-learn pandas numpy fresher full_time India']
2026-03-17 19:04:16,612 [INFO] job_search: [search_jobs][query] sending='python pytorch scikit-learn pandas numpy fresher full_time India'
2026-03-17 19:04:16,613 [INFO] job_search: [search_jobs][remotive] query='python pytorch scikit-learn pandas numpy fresher full_time India' location='India' job_type='full_time'
2026-03-17 19:04:16,614 [INFO] job_search: [search_jobs][adzuna] request what='python pytorch scikit-learn pandas numpy fresher full_time India' url='https://api.adzuna.com/v1/api/jobs/in/search/1'
2026-03-17 19:04:16,614 [INFO] job_search: [search_jobs][jooble] request keywords='python pytorch scikit-learn pandas numpy fresher full_time India' location='India'
2026-03-17 19:04:17,819 [INFO] job_search: [search_jobs][remotive] api_results=0 query='python pytorch scikit-learn pandas numpy fresher full_time India'
2026-03-17 19:04:18,437 [INFO] job_search: [search_jobs][Remotive] returned=4 query='python pytorch scikit-learn pandas numpy fresher full_time India'
2026-03-17 19:04:18,557 [INFO] job_search: [search_jobs][jooble] api_results=30 query='python pytorch scikit-learn pandas numpy fresher full_time India'
2026-03-17 19:04:18,558 [INFO] job_search: [search_jobs][Jooble] returned=20 query='python pytorch scikit-learn pandas numpy fresher full_time India'
2026-03-17 19:04:18,615 [INFO] job_search: [search_jobs][adzuna] api_results=0 query='python pytorch scikit-learn pandas numpy fresher full_time India'
2026-03-17 19:04:18,615 [INFO] job_search: [search_jobs][adzuna] fallback_relaxed_query='python'
2026-03-17 19:04:18,616 [INFO] job_search: [search_jobs][adzuna] request what='python' url='https://api.adzuna.com/v1/api/jobs/in/search/1'
2026-03-17 19:04:20,429 [INFO] job_search: [search_jobs][adzuna] fallback_results=20 query='python'
2026-03-17 19:04:20,430 [INFO] job_search: [search_jobs][Adzuna] returned=20 query='python pytorch scikit-learn pandas numpy fresher full_time India'
2026-03-17 19:04:20,431 [INFO] job_search: [search_jobs][query] merged_total=44 query='python pytorch scikit-learn pandas numpy fresher full_time India'
2026-03-17 19:04:20,433 [INFO] pipeline: [pipeline] jobs_after_multi_search=44
2026-03-17 19:04:20,434 [INFO] pipeline: [pipeline] jobs_after_experience_filter=0 (before=44 keyword='fresher')
2026-03-17 19:04:20,435 [INFO] pipeline: [pipeline] ranked_jobs_count=0
2026-03-17 19:04:20,435 [INFO] pipeline: [pipeline] no jobs matched even after fallback; forcing broadest search.
2026-03-17 19:04:20,436 [INFO] job_search: [search_jobs_multi] sending_queries=['internship', 'developer', 'python', 'data'] location='' job_type='' timeout=20 max_workers=2
2026-03-17 19:04:20,437 [INFO] job_search: [search_jobs] normalized_queries=['internship', 'developer', 'python', 'data']
2026-03-17 19:04:20,438 [INFO] job_search: [search_jobs][query] sending='internship'
2026-03-17 19:04:20,439 [INFO] job_search: [search_jobs][query] sending='developer'
2026-03-17 19:04:20,439 [INFO] job_search: [search_jobs][remotive] query='internship' location='' job_type=''
2026-03-17 19:04:20,440 [INFO] job_search: [search_jobs][adzuna] request what='internship' url='https://api.adzuna.com/v1/api/jobs/in/search/1'
2026-03-17 19:04:20,441 [INFO] job_search: [search_jobs][jooble] request keywords='internship' location=''
2026-03-17 19:04:20,442 [INFO] job_search: [search_jobs][remotive] query='developer' location='' job_type=''
2026-03-17 19:04:20,443 [INFO] job_search: [search_jobs][adzuna] request what='developer' url='https://api.adzuna.com/v1/api/jobs/in/search/1'
2026-03-17 19:04:20,444 [INFO] job_search: [search_jobs][jooble] request keywords='developer' location=''
2026-03-17 19:04:21,320 [INFO] job_search: [search_jobs][remotive] api_results=0 query='internship'
2026-03-17 19:04:21,321 [INFO] job_search: [search_jobs][remotive] api_results=6 query='developer'
2026-03-17 19:04:21,331 [INFO] job_search: [search_jobs][Remotive] returned=0 query='internship'
2026-03-17 19:04:21,331 [INFO] job_search: [search_jobs][Remotive] returned=6 query='developer'
2026-03-17 19:04:21,332 [INFO] job_search: [search_jobs][Remotive] empty response for query='internship'
2026-03-17 19:04:21,786 [INFO] job_search: [search_jobs][jooble] api_results=30 query='developer'
2026-03-17 19:04:21,787 [INFO] job_search: [search_jobs][Jooble] returned=20 query='developer'
2026-03-17 19:04:22,251 [INFO] job_search: [search_jobs][jooble] api_results=30 query='internship'
2026-03-17 19:04:22,251 [INFO] job_search: [search_jobs][Jooble] returned=19 query='internship'
2026-03-17 19:04:22,618 [INFO] job_search: [search_jobs][adzuna] api_results=20 query='developer'
2026-03-17 19:04:22,619 [INFO] job_search: [search_jobs][Adzuna] returned=20 query='developer'
2026-03-17 19:04:22,620 [INFO] job_search: [search_jobs][query] merged_total=46 query='developer'
2026-03-17 19:04:22,621 [INFO] job_search: [search_jobs][query] sending='python'
2026-03-17 19:04:22,621 [INFO] job_search: [search_jobs][remotive] query='python' location='' job_type=''
2026-03-17 19:04:22,622 [INFO] job_search: [search_jobs][adzuna] request what='python' url='https://api.adzuna.com/v1/api/jobs/in/search/1'
2026-03-17 19:04:22,622 [INFO] job_search: [search_jobs][jooble] request keywords='python' location=''
2026-03-17 19:04:22,715 [INFO] job_search: [search_jobs][adzuna] api_results=20 query='internship'
2026-03-17 19:04:22,716 [INFO] job_search: [search_jobs][Adzuna] returned=20 query='internship'
2026-03-17 19:04:22,717 [INFO] job_search: [search_jobs][query] merged_total=39 query='internship'
2026-03-17 19:04:22,718 [INFO] job_search: [search_jobs][query] sending='data'
2026-03-17 19:04:22,718 [INFO] job_search: [search_jobs][remotive] query='data' location='' job_type=''
2026-03-17 19:04:22,719 [INFO] job_search: [search_jobs][adzuna] request what='data' url='https://api.adzuna.com/v1/api/jobs/in/search/1'
2026-03-17 19:04:22,719 [INFO] job_search: [search_jobs][jooble] request keywords='data' location=''
2026-03-17 19:04:24,078 [INFO] job_search: [search_jobs][jooble] api_results=30 query='python'
2026-03-17 19:04:24,079 [INFO] job_search: [search_jobs][Jooble] returned=20 query='python'
2026-03-17 19:04:24,079 [INFO] job_search: [search_jobs][remotive] api_results=3 query='python'
2026-03-17 19:04:24,083 [INFO] job_search: [search_jobs][Remotive] returned=3 query='python'
2026-03-17 19:04:24,273 [INFO] job_search: [search_jobs][jooble] api_results=30 query='data'
2026-03-17 19:04:24,274 [INFO] job_search: [search_jobs][Jooble] returned=20 query='data'
2026-03-17 19:04:24,601 [INFO] job_search: [search_jobs][remotive] api_results=13 query='data'
2026-03-17 19:04:24,633 [INFO] job_search: [search_jobs][Remotive] returned=13 query='data'
2026-03-17 19:04:24,983 [INFO] job_search: [search_jobs][adzuna] api_results=20 query='python'
2026-03-17 19:04:24,987 [INFO] job_search: [search_jobs][Adzuna] returned=20 query='python'
2026-03-17 19:04:24,991 [INFO] job_search: [search_jobs][query] merged_total=43 query='python'
2026-03-17 19:04:25,223 [INFO] job_search: [search_jobs][adzuna] api_results=20 query='data'
2026-03-17 19:04:25,226 [INFO] job_search: [search_jobs][Adzuna] returned=20 query='data'
2026-03-17 19:04:25,230 [INFO] job_search: [search_jobs][query] merged_total=53 query='data'
2026-03-17 19:04:30,902 [INFO] pipeline: [pipeline] broadest fallback jobs count=20
2026-03-17 19:04:30,902 [INFO] pipeline: [pipeline] top_jobs=0 jobs_with_skill_match=0 csv_rows=20
2026-03-17 19:04:30,910 [INFO] pipeline: [pipeline] csv_written path=C:\shikher_jain\Automatic\Cold_mail\generated\user_shikherjain786_at_gmail_com\hr.csv rows=20
2026-03-17 19:04:58,613 [INFO] pipeline: [pipeline] start user='shikherjain786_at_gmail_com' top_n=20 location='India' job_type='full_time' experience_level='fresher'
2026-03-17 19:04:58,791 [INFO] pipeline: [pipeline] resume extracted chars=3818
2026-03-17 19:05:00,525 [INFO] pipeline: [pipeline] skills_detected=72 sample=['python', 'pytorch', 'scikit-learn', 'pandas', 'numpy', 'flask', 'fastapi', 'machine learning', 'nlp', 'sql']
2026-03-17 19:05:00,525 [INFO] pipeline: [pipeline] query_primary='python pytorch scikit-learn pandas numpy fresher full_time India'
2026-03-17 19:05:00,526 [INFO] pipeline: [pipeline] queries_sent=['python pytorch scikit-learn pandas numpy fresher full_time India']
2026-03-17 19:05:00,526 [INFO] job_search: [search_jobs_multi] sending_queries=['python pytorch scikit-learn pandas numpy fresher full_time India'] location='India' job_type='full_time' timeout=20 max_workers=2
2026-03-17 19:05:00,527 [INFO] job_search: [search_jobs] normalized_queries=['python pytorch scikit-learn pandas numpy fresher full_time India']
2026-03-17 19:05:00,528 [INFO] job_search: [search_jobs][query] sending='python pytorch scikit-learn pandas numpy fresher full_time India'
2026-03-17 19:05:00,530 [INFO] job_search: [search_jobs][remotive] query='python pytorch scikit-learn pandas numpy fresher full_time India' location='India' job_type='full_time'
2026-03-17 19:05:00,531 [INFO] job_search: [search_jobs][adzuna] request what='python pytorch scikit-learn pandas numpy fresher full_time India' url='https://api.adzuna.com/v1/api/jobs/in/search/1'
2026-03-17 19:05:00,533 [INFO] job_search: [search_jobs][jooble] request keywords='python pytorch scikit-learn pandas numpy fresher full_time India' location='India'
2026-03-17 19:05:01,124 [INFO] job_search: [search_jobs][remotive] api_results=0 query='python pytorch scikit-learn pandas numpy fresher full_time India'
2026-03-17 19:05:01,736 [INFO] job_search: [search_jobs][Remotive] returned=4 query='python pytorch scikit-learn pandas numpy fresher full_time India'
2026-03-17 19:05:02,187 [INFO] job_search: [search_jobs][jooble] api_results=30 query='python pytorch scikit-learn pandas numpy fresher full_time India'
2026-03-17 19:05:02,188 [INFO] job_search: [search_jobs][Jooble] returned=20 query='python pytorch scikit-learn pandas numpy fresher full_time India'
2026-03-17 19:05:02,193 [INFO] job_search: [search_jobs][adzuna] api_results=0 query='python pytorch scikit-learn pandas numpy fresher full_time India'
2026-03-17 19:05:02,194 [INFO] job_search: [search_jobs][adzuna] fallback_relaxed_query='python'
2026-03-17 19:05:02,194 [INFO] job_search: [search_jobs][adzuna] request what='python' url='https://api.adzuna.com/v1/api/jobs/in/search/1'
2026-03-17 19:05:05,010 [INFO] job_search: [search_jobs][adzuna] fallback_results=20 query='python'
2026-03-17 19:05:05,011 [INFO] job_search: [search_jobs][Adzuna] returned=20 query='python pytorch scikit-learn pandas numpy fresher full_time India'
2026-03-17 19:05:05,013 [INFO] job_search: [search_jobs][query] merged_total=44 query='python pytorch scikit-learn pandas numpy fresher full_time India'
2026-03-17 19:05:05,015 [INFO] pipeline: [pipeline] jobs_after_multi_search=44
2026-03-17 19:05:05,017 [INFO] pipeline: [pipeline] jobs_after_experience_filter=0 (before=44 keyword='fresher')
2026-03-17 19:05:05,018 [INFO] pipeline: [pipeline] ranked_jobs_count=0
2026-03-17 19:05:05,018 [INFO] pipeline: [pipeline] no jobs matched even after fallback; forcing broadest search.
2026-03-17 19:05:05,018 [INFO] job_search: [search_jobs_multi] sending_queries=['internship', 'developer', 'python', 'data'] location='' job_type='' timeout=20 max_workers=2
2026-03-17 19:05:05,019 [INFO] job_search: [search_jobs] normalized_queries=['internship', 'developer', 'python', 'data']
2026-03-17 19:05:05,020 [INFO] job_search: [search_jobs][query] sending='internship'
2026-03-17 19:05:05,021 [INFO] job_search: [search_jobs][query] sending='developer'
2026-03-17 19:05:05,021 [INFO] job_search: [search_jobs][remotive] query='internship' location='' job_type=''
2026-03-17 19:05:05,022 [INFO] job_search: [search_jobs][adzuna] request what='internship' url='https://api.adzuna.com/v1/api/jobs/in/search/1'
2026-03-17 19:05:05,023 [INFO] job_search: [search_jobs][jooble] request keywords='internship' location=''
2026-03-17 19:05:05,024 [INFO] job_search: [search_jobs][remotive] query='developer' location='' job_type=''
2026-03-17 19:05:05,025 [INFO] job_search: [search_jobs][adzuna] request what='developer' url='https://api.adzuna.com/v1/api/jobs/in/search/1'
2026-03-17 19:05:05,027 [INFO] job_search: [search_jobs][jooble] request keywords='developer' location=''
2026-03-17 19:05:05,868 [INFO] job_search: [search_jobs][remotive] api_results=0 query='internship'
2026-03-17 19:05:05,877 [INFO] job_search: [search_jobs][Remotive] returned=0 query='internship'
2026-03-17 19:05:05,878 [INFO] job_search: [search_jobs][Remotive] empty response for query='internship'
2026-03-17 19:05:05,943 [INFO] job_search: [search_jobs][remotive] api_results=6 query='developer'
2026-03-17 19:05:05,950 [INFO] job_search: [search_jobs][Remotive] returned=6 query='developer'
2026-03-17 19:05:06,276 [INFO] job_search: [search_jobs][jooble] api_results=29 query='internship'
2026-03-17 19:05:06,279 [INFO] job_search: [search_jobs][Jooble] returned=19 query='internship'
2026-03-17 19:05:06,647 [INFO] job_search: [search_jobs][Adzuna] error query='internship' error=429 Client Error: Too Many Requests for url: https://api.adzuna.com/v1/api/jobs/in/search/1?app_id=e8816211&app_key=d21301e629fb063af8e6f255cb8df7c0&what=internship&results_per_page=20&content-type=application%2Fjson
2026-03-17 19:05:06,653 [INFO] job_search: [search_jobs][query] merged_total=19 query='internship'
2026-03-17 19:05:06,656 [INFO] job_search: [search_jobs][query] sending='python'
2026-03-17 19:05:06,660 [INFO] job_search: [search_jobs][remotive] query='python' location='' job_type=''
2026-03-17 19:05:06,662 [INFO] job_search: [search_jobs][adzuna] request what='python' url='https://api.adzuna.com/v1/api/jobs/in/search/1'
2026-03-17 19:05:06,665 [INFO] job_search: [search_jobs][jooble] request keywords='python' location=''
2026-03-17 19:05:06,774 [INFO] job_search: [search_jobs][jooble] api_results=30 query='developer'
2026-03-17 19:05:06,775 [INFO] job_search: [search_jobs][Jooble] returned=20 query='developer'
2026-03-17 19:05:07,181 [INFO] job_search: [search_jobs][adzuna] api_results=20 query='developer'
2026-03-17 19:05:07,183 [INFO] job_search: [search_jobs][Adzuna] returned=20 query='developer'
2026-03-17 19:05:07,184 [INFO] job_search: [search_jobs][query] merged_total=46 query='developer'
2026-03-17 19:05:07,185 [INFO] job_search: [search_jobs][query] sending='data'
2026-03-17 19:05:07,186 [INFO] job_search: [search_jobs][remotive] query='data' location='' job_type=''
2026-03-17 19:05:07,186 [INFO] job_search: [search_jobs][adzuna] request what='data' url='https://api.adzuna.com/v1/api/jobs/in/search/1'
2026-03-17 19:05:07,187 [INFO] job_search: [search_jobs][jooble] request keywords='data' location=''
2026-03-17 19:05:07,351 [INFO] job_search: [search_jobs][remotive] api_results=3 query='python'
2026-03-17 19:05:07,355 [INFO] job_search: [search_jobs][Remotive] returned=3 query='python'
2026-03-17 19:05:07,731 [INFO] job_search: [search_jobs][jooble] api_results=30 query='python'
2026-03-17 19:05:07,733 [INFO] job_search: [search_jobs][Jooble] returned=20 query='python'
2026-03-17 19:05:07,976 [INFO] job_search: [search_jobs][remotive] api_results=13 query='data'
2026-03-17 19:05:08,014 [INFO] job_search: [search_jobs][Remotive] returned=13 query='data'
2026-03-17 19:05:08,235 [INFO] job_search: [search_jobs][jooble] api_results=30 query='data'
2026-03-17 19:05:08,237 [INFO] job_search: [search_jobs][Jooble] returned=20 query='data'
2026-03-17 19:05:08,566 [INFO] job_search: [search_jobs][adzuna] api_results=20 query='python'
2026-03-17 19:05:08,571 [INFO] job_search: [search_jobs][Adzuna] returned=20 query='python'
2026-03-17 19:05:08,576 [INFO] job_search: [search_jobs][query] merged_total=43 query='python'
2026-03-17 19:05:09,039 [INFO] job_search: [search_jobs][adzuna] api_results=20 query='data'
2026-03-17 19:05:09,044 [INFO] job_search: [search_jobs][Adzuna] returned=20 query='data'
2026-03-17 19:05:09,050 [INFO] job_search: [search_jobs][query] merged_total=53 query='data'
2026-03-17 19:05:09,058 [INFO] pipeline: [pipeline] broadest fallback jobs count=20
2026-03-17 19:05:09,058 [INFO] pipeline: [pipeline] top_jobs=0 jobs_with_skill_match=0 csv_rows=20
2026-03-17 19:05:09,061 [INFO] pipeline: [pipeline] csv_written path=C:\shikher_jain\Automatic\Cold_mail\generated\user_shikherjain786_at_gmail_com\hr.csv rows=20
2026-03-17 19:05:12,223 [INFO] __main__: Generated 20 leads for user_id=2
2026-03-17 19:06:21,996 [INFO] pipeline: [pipeline] start user='shikherjain786_at_gmail_com' top_n=20 location='India' job_type='full_time' experience_level='fresher'
2026-03-17 19:06:22,147 [INFO] pipeline: [pipeline] resume extracted chars=3818
2026-03-17 19:06:23,778 [INFO] pipeline: [pipeline] skills_detected=49 sample=['python', 'pytorch', 'scikit-learn', 'pandas', 'numpy', 'flask', 'fastapi', 'machine learning', 'nlp', 'sql']
2026-03-17 19:06:23,778 [INFO] pipeline: [pipeline] query_primary='python pytorch scikit-learn pandas numpy fresher full_time India'
2026-03-17 19:06:23,779 [INFO] pipeline: [pipeline] queries_sent=['python pytorch scikit-learn pandas numpy fresher full_time India', 'python pytorch scikit-learn pandas numpy fresher full_time India foundit', 'python pytorch scikit-learn pandas numpy fresher full_time India google', 'python pytorch scikit-learn pandas numpy fresher full_time India turing', 'python pytorch scikit-learn pandas numpy fresher full_time India fractal', 'python pytorch scikit-learn pandas numpy fresher full_time India ericsson', 'python pytorch scikit-learn pandas numpy fresher full_time India ebay', 'python pytorch scikit-learn pandas numpy fresher full_time India dhl', 'python pytorch scikit-learn pandas numpy fresher full_time India cisco']
2026-03-17 19:06:23,880 [INFO] job_search: [search_jobs_multi] sending_queries=['python pytorch scikit-learn pandas numpy fresher full_time India', 'python pytorch scikit-learn pandas numpy fresher full_time India foundit', 'python pytorch scikit-learn pandas numpy fresher full_time India google', 'python pytorch scikit-learn pandas numpy fresher full_time India turing'] location='India' job_type='full_time' timeout=20 max_workers=2
2026-03-17 19:06:23,881 [INFO] job_search: [search_jobs] normalized_queries=['python pytorch scikit-learn pandas numpy fresher full_time India', 'python pytorch scikit-learn pandas numpy fresher full_time India foundit', 'python pytorch scikit-learn pandas numpy fresher full_time India google', 'python pytorch scikit-learn pandas numpy fresher full_time India turing']
2026-03-17 19:06:23,882 [INFO] job_search: [search_jobs][query] sending='python pytorch scikit-learn pandas numpy fresher full_time India'
2026-03-17 19:06:23,882 [INFO] job_search: [search_jobs][query] sending='python pytorch scikit-learn pandas numpy fresher full_time India foundit'
2026-03-17 19:06:23,883 [INFO] job_search: [search_jobs][remotive] query='python pytorch scikit-learn pandas numpy fresher full_time India' location='India' job_type='full_time'
2026-03-17 19:06:23,884 [INFO] job_search: [search_jobs][adzuna] request what='python pytorch scikit-learn pandas numpy fresher full_time India' url='https://api.adzuna.com/v1/api/jobs/in/search/1'
2026-03-17 19:06:23,887 [INFO] job_search: [search_jobs][remotive] query='python pytorch scikit-learn pandas numpy fresher full_time India foundit' location='India' job_type='full_time'
2026-03-17 19:06:23,888 [INFO] job_search: [search_jobs][jooble] request keywords='python pytorch scikit-learn pandas numpy fresher full_time India' location='India'
2026-03-17 19:06:23,891 [INFO] job_search: [search_jobs][adzuna] request what='python pytorch scikit-learn pandas numpy fresher full_time India foundit' url='https://api.adzuna.com/v1/api/jobs/in/search/1'
2026-03-17 19:06:23,892 [INFO] job_search: [search_jobs][jooble] request keywords='python pytorch scikit-learn pandas numpy fresher full_time India foundit' location='India'
2026-03-17 19:06:25,002 [INFO] job_search: [search_jobs][remotive] api_results=0 query='python pytorch scikit-learn pandas numpy fresher full_time India'
2026-03-17 19:06:25,022 [INFO] job_search: [search_jobs][Remotive] returned=4 query='python pytorch scikit-learn pandas numpy fresher full_time India'
2026-03-17 19:06:25,495 [INFO] job_search: [search_jobs][remotive] api_results=0 query='python pytorch scikit-learn pandas numpy fresher full_time India foundit'
2026-03-17 19:06:25,506 [INFO] job_search: [search_jobs][Remotive] returned=4 query='python pytorch scikit-learn pandas numpy fresher full_time India foundit'
2026-03-17 19:06:25,782 [INFO] job_search: [search_jobs][adzuna] api_results=0 query='python pytorch scikit-learn pandas numpy fresher full_time India'
2026-03-17 19:06:25,783 [INFO] job_search: [search_jobs][adzuna] fallback_relaxed_query='python'
2026-03-17 19:06:25,783 [INFO] job_search: [search_jobs][adzuna] request what='python' url='https://api.adzuna.com/v1/api/jobs/in/search/1'
2026-03-17 19:06:25,795 [INFO] job_search: [search_jobs][adzuna] api_results=0 query='python pytorch scikit-learn pandas numpy fresher full_time India foundit'
2026-03-17 19:06:25,795 [INFO] job_search: [search_jobs][adzuna] fallback_relaxed_query='python'
2026-03-17 19:06:25,795 [INFO] job_search: [search_jobs][adzuna] request what='python' url='https://api.adzuna.com/v1/api/jobs/in/search/1'
2026-03-17 19:06:25,844 [INFO] job_search: [search_jobs][jooble] api_results=30 query='python pytorch scikit-learn pandas numpy fresher full_time India foundit'
2026-03-17 19:06:25,845 [INFO] job_search: [search_jobs][Jooble] returned=20 query='python pytorch scikit-learn pandas numpy fresher full_time India foundit'
2026-03-17 19:06:25,870 [INFO] job_search: [search_jobs][jooble] api_results=30 query='python pytorch scikit-learn pandas numpy fresher full_time India'
2026-03-17 19:06:25,872 [INFO] job_search: [search_jobs][Jooble] returned=20 query='python pytorch scikit-learn pandas numpy fresher full_time India'
2026-03-17 19:06:27,622 [INFO] job_search: [search_jobs][adzuna] fallback_results=20 query='python'
2026-03-17 19:06:27,623 [INFO] job_search: [search_jobs][Adzuna] returned=20 query='python pytorch scikit-learn pandas numpy fresher full_time India'
2026-03-17 19:06:27,625 [INFO] job_search: [search_jobs][query] merged_total=44 query='python pytorch scikit-learn pandas numpy fresher full_time India'
2026-03-17 19:06:27,626 [INFO] job_search: [search_jobs][query] sending='python pytorch scikit-learn pandas numpy fresher full_time India google'
2026-03-17 19:06:27,627 [INFO] job_search: [search_jobs][remotive] query='python pytorch scikit-learn pandas numpy fresher full_time India google' location='India' job_type='full_time'
2026-03-17 19:06:27,627 [INFO] job_search: [search_jobs][adzuna] request what='python pytorch scikit-learn pandas numpy fresher full_time India google' url='https://api.adzuna.com/v1/api/jobs/in/search/1'
2026-03-17 19:06:27,629 [INFO] job_search: [search_jobs][jooble] request keywords='python pytorch scikit-learn pandas numpy fresher full_time India google' location='India'
2026-03-17 19:06:27,657 [INFO] job_search: [search_jobs][adzuna] fallback_results=20 query='python'
2026-03-17 19:06:27,659 [INFO] job_search: [search_jobs][Adzuna] returned=20 query='python pytorch scikit-learn pandas numpy fresher full_time India foundit'
2026-03-17 19:06:27,660 [INFO] job_search: [search_jobs][query] merged_total=44 query='python pytorch scikit-learn pandas numpy fresher full_time India foundit'
2026-03-17 19:06:27,661 [INFO] job_search: [search_jobs][query] sending='python pytorch scikit-learn pandas numpy fresher full_time India turing'
2026-03-17 19:06:27,662 [INFO] job_search: [search_jobs][remotive] query='python pytorch scikit-learn pandas numpy fresher full_time India turing' location='India' job_type='full_time'
2026-03-17 19:06:27,663 [INFO] job_search: [search_jobs][adzuna] request what='python pytorch scikit-learn pandas numpy fresher full_time India turing' url='https://api.adzuna.com/v1/api/jobs/in/search/1'
2026-03-17 19:06:27,665 [INFO] job_search: [search_jobs][jooble] request keywords='python pytorch scikit-learn pandas numpy fresher full_time India turing' location='India'
2026-03-17 19:06:28,862 [INFO] job_search: [search_jobs][jooble] api_results=30 query='python pytorch scikit-learn pandas numpy fresher full_time India google'
2026-03-17 19:06:28,863 [INFO] job_search: [search_jobs][Jooble] returned=20 query='python pytorch scikit-learn pandas numpy fresher full_time India google'
2026-03-17 19:06:29,014 [INFO] job_search: [search_jobs][remotive] api_results=0 query='python pytorch scikit-learn pandas numpy fresher full_time India turing'
2026-03-17 19:06:29,014 [INFO] job_search: [search_jobs][remotive] api_results=0 query='python pytorch scikit-learn pandas numpy fresher full_time India google'
2026-03-17 19:06:29,040 [INFO] job_search: [search_jobs][Remotive] returned=5 query='python pytorch scikit-learn pandas numpy fresher full_time India turing'
2026-03-17 19:06:29,045 [INFO] job_search: [search_jobs][Remotive] returned=9 query='python pytorch scikit-learn pandas numpy fresher full_time India google'
2026-03-17 19:06:29,244 [INFO] job_search: [search_jobs][adzuna] api_results=0 query='python pytorch scikit-learn pandas numpy fresher full_time India google'
2026-03-17 19:06:29,244 [INFO] job_search: [search_jobs][adzuna] fallback_relaxed_query='python'
2026-03-17 19:06:29,245 [INFO] job_search: [search_jobs][adzuna] request what='python' url='https://api.adzuna.com/v1/api/jobs/in/search/1'
2026-03-17 19:06:29,299 [INFO] job_search: [search_jobs][adzuna] api_results=0 query='python pytorch scikit-learn pandas numpy fresher full_time India turing'
2026-03-17 19:06:29,299 [INFO] job_search: [search_jobs][adzuna] fallback_relaxed_query='python'
2026-03-17 19:06:29,300 [INFO] job_search: [search_jobs][adzuna] request what='python' url='https://api.adzuna.com/v1/api/jobs/in/search/1'
2026-03-17 19:06:29,336 [INFO] job_search: [search_jobs][jooble] api_results=30 query='python pytorch scikit-learn pandas numpy fresher full_time India turing'
2026-03-17 19:06:29,337 [INFO] job_search: [search_jobs][Jooble] returned=20 query='python pytorch scikit-learn pandas numpy fresher full_time India turing'
2026-03-17 19:06:31,141 [INFO] job_search: [search_jobs][adzuna] fallback_results=20 query='python'
2026-03-17 19:06:31,142 [INFO] job_search: [search_jobs][Adzuna] returned=20 query='python pytorch scikit-learn pandas numpy fresher full_time India google'
2026-03-17 19:06:31,143 [INFO] job_search: [search_jobs][query] merged_total=49 query='python pytorch scikit-learn pandas numpy fresher full_time India google'
2026-03-17 19:06:31,304 [INFO] job_search: [search_jobs][adzuna] fallback_results=20 query='python'
2026-03-17 19:06:31,306 [INFO] job_search: [search_jobs][Adzuna] returned=20 query='python pytorch scikit-learn pandas numpy fresher full_time India turing'
2026-03-17 19:06:31,307 [INFO] job_search: [search_jobs][query] merged_total=45 query='python pytorch scikit-learn pandas numpy fresher full_time India turing'
2026-03-17 19:06:31,310 [INFO] pipeline: [pipeline] jobs_after_multi_search=86
2026-03-17 19:06:31,312 [INFO] pipeline: [pipeline] jobs_after_experience_filter=0 (before=86 keyword='fresher')
2026-03-17 19:06:31,312 [INFO] pipeline: [pipeline] ranked_jobs_count=0
2026-03-17 19:06:31,313 [INFO] pipeline: [pipeline] no jobs matched even after fallback; forcing broadest search.
2026-03-17 19:06:31,313 [INFO] job_search: [search_jobs_multi] sending_queries=['internship', 'developer', 'python', 'data'] location='' job_type='' timeout=20 max_workers=2
2026-03-17 19:06:31,314 [INFO] job_search: [search_jobs] normalized_queries=['internship', 'developer', 'python', 'data']
2026-03-17 19:06:31,315 [INFO] job_search: [search_jobs][query] sending='internship'
2026-03-17 19:06:31,315 [INFO] job_search: [search_jobs][query] sending='developer'
2026-03-17 19:06:31,317 [INFO] job_search: [search_jobs][remotive] query='internship' location='' job_type=''
2026-03-17 19:06:31,317 [INFO] job_search: [search_jobs][adzuna] request what='internship' url='https://api.adzuna.com/v1/api/jobs/in/search/1'
2026-03-17 19:06:31,318 [INFO] job_search: [search_jobs][remotive] query='developer' location='' job_type=''
2026-03-17 19:06:31,320 [INFO] job_search: [search_jobs][jooble] request keywords='internship' location=''
2026-03-17 19:06:31,323 [INFO] job_search: [search_jobs][adzuna] request what='developer' url='https://api.adzuna.com/v1/api/jobs/in/search/1'
2026-03-17 19:06:31,326 [INFO] job_search: [search_jobs][jooble] request keywords='developer' location=''
2026-03-17 19:06:32,201 [INFO] job_search: [search_jobs][remotive] api_results=0 query='internship'
2026-03-17 19:06:32,212 [INFO] job_search: [search_jobs][Remotive] returned=0 query='internship'
2026-03-17 19:06:32,213 [INFO] job_search: [search_jobs][Remotive] empty response for query='internship'
2026-03-17 19:06:32,244 [INFO] job_search: [search_jobs][remotive] api_results=6 query='developer'
2026-03-17 19:06:32,251 [INFO] job_search: [search_jobs][Remotive] returned=6 query='developer'
2026-03-17 19:06:32,639 [INFO] job_search: [search_jobs][jooble] api_results=30 query='developer'
2026-03-17 19:06:32,641 [INFO] job_search: [search_jobs][Jooble] returned=20 query='developer'
2026-03-17 19:06:32,684 [INFO] job_search: [search_jobs][jooble] api_results=29 query='internship'
2026-03-17 19:06:32,686 [INFO] job_search: [search_jobs][Jooble] returned=19 query='internship'
2026-03-17 19:06:33,412 [INFO] job_search: [search_jobs][adzuna] api_results=20 query='internship'
2026-03-17 19:06:33,413 [INFO] job_search: [search_jobs][Adzuna] returned=20 query='internship'
2026-03-17 19:06:33,415 [INFO] job_search: [search_jobs][query] merged_total=39 query='internship'
2026-03-17 19:06:33,415 [INFO] job_search: [search_jobs][query] sending='python'
2026-03-17 19:06:33,416 [INFO] job_search: [search_jobs][remotive] query='python' location='' job_type=''
2026-03-17 19:06:33,417 [INFO] job_search: [search_jobs][adzuna] request what='python' url='https://api.adzuna.com/v1/api/jobs/in/search/1'
2026-03-17 19:06:33,417 [INFO] job_search: [search_jobs][jooble] request keywords='python' location=''
2026-03-17 19:06:33,484 [INFO] job_search: [search_jobs][adzuna] api_results=20 query='developer'
2026-03-17 19:06:33,485 [INFO] job_search: [search_jobs][Adzuna] returned=20 query='developer'
2026-03-17 19:06:33,487 [INFO] job_search: [search_jobs][query] merged_total=46 query='developer'
2026-03-17 19:06:33,488 [INFO] job_search: [search_jobs][query] sending='data'
2026-03-17 19:06:33,489 [INFO] job_search: [search_jobs][remotive] query='data' location='' job_type=''
2026-03-17 19:06:33,490 [INFO] job_search: [search_jobs][adzuna] request what='data' url='https://api.adzuna.com/v1/api/jobs/in/search/1'
2026-03-17 19:06:33,490 [INFO] job_search: [search_jobs][jooble] request keywords='data' location=''
2026-03-17 19:06:33,760 [INFO] pipeline: [pipeline] start user='shikherjain786_at_gmail_com' top_n=100 location='India' job_type='full_time' experience_level='fresher'
2026-03-17 19:06:34,217 [INFO] pipeline: [pipeline] resume extracted chars=3818
2026-03-17 19:06:34,325 [INFO] job_search: [search_jobs][remotive] api_results=3 query='python'
2026-03-17 19:06:34,332 [INFO] job_search: [search_jobs][Remotive] returned=3 query='python'
2026-03-17 19:06:34,464 [INFO] job_search: [search_jobs][remotive] api_results=13 query='data'
2026-03-17 19:06:34,515 [INFO] job_search: [search_jobs][Remotive] returned=13 query='data'
2026-03-17 19:06:34,834 [INFO] job_search: [search_jobs][jooble] api_results=30 query='data'
2026-03-17 19:06:34,835 [INFO] job_search: [search_jobs][Jooble] returned=20 query='data'
2026-03-17 19:06:35,237 [INFO] job_search: [search_jobs][jooble] api_results=30 query='python'
2026-03-17 19:06:35,238 [INFO] job_search: [search_jobs][Jooble] returned=20 query='python'
2026-03-17 19:06:35,524 [INFO] job_search: [search_jobs][adzuna] api_results=20 query='python'
2026-03-17 19:06:35,525 [INFO] job_search: [search_jobs][Adzuna] returned=20 query='python'
2026-03-17 19:06:35,526 [INFO] job_search: [search_jobs][query] merged_total=43 query='python'
2026-03-17 19:06:35,605 [INFO] job_search: [search_jobs][adzuna] api_results=20 query='data'
2026-03-17 19:06:35,606 [INFO] job_search: [search_jobs][Adzuna] returned=20 query='data'
2026-03-17 19:06:35,608 [INFO] job_search: [search_jobs][query] merged_total=53 query='data'
2026-03-17 19:06:35,616 [INFO] pipeline: [pipeline] broadest fallback jobs count=20
2026-03-17 19:06:35,617 [INFO] pipeline: [pipeline] top_jobs=0 jobs_with_skill_match=0 csv_rows=20
2026-03-17 19:06:35,620 [INFO] pipeline: [pipeline] csv_written path=C:\shikher_jain\Automatic\Cold_mail\generated\user_shikherjain786_at_gmail_com\hr.csv rows=20
2026-03-17 19:06:36,009 [INFO] pipeline: [pipeline] skills_detected=38 sample=['python', 'pytorch', 'scikit-learn', 'pandas', 'numpy', 'flask', 'fastapi', 'machine learning', 'nlp', 'sql']
2026-03-17 19:06:36,009 [INFO] pipeline: [pipeline] query_primary='python pytorch scikit-learn pandas numpy fresher full_time India'
2026-03-17 19:06:36,009 [INFO] pipeline: [pipeline] queries_sent=['python pytorch scikit-learn pandas numpy fresher full_time India', 'python pytorch scikit-learn pandas numpy fresher full_time India foundit', 'python pytorch scikit-learn pandas numpy fresher full_time India google', 'python pytorch scikit-learn pandas numpy fresher full_time India turing', 'python pytorch scikit-learn pandas numpy fresher full_time India fractal', 'python pytorch scikit-learn pandas numpy fresher full_time India ericsson', 'python pytorch scikit-learn pandas numpy fresher full_time India ebay', 'python pytorch scikit-learn pandas numpy fresher full_time India dhl', 'python pytorch scikit-learn pandas numpy fresher full_time India cisco']
2026-03-17 19:06:36,010 [INFO] job_search: [search_jobs_multi] sending_queries=['python pytorch scikit-learn pandas numpy fresher full_time India', 'python pytorch scikit-learn pandas numpy fresher full_time India foundit', 'python pytorch scikit-learn pandas numpy fresher full_time India google', 'python pytorch scikit-learn pandas numpy fresher full_time India turing'] location='India' job_type='full_time' timeout=20 max_workers=12
2026-03-17 19:06:36,011 [INFO] job_search: [search_jobs] normalized_queries=['python pytorch scikit-learn pandas numpy fresher full_time India', 'python pytorch scikit-learn pandas numpy fresher full_time India foundit', 'python pytorch scikit-learn pandas numpy fresher full_time India google', 'python pytorch scikit-learn pandas numpy fresher full_time India turing']
2026-03-17 19:06:36,012 [INFO] job_search: [search_jobs][query] sending='python pytorch scikit-learn pandas numpy fresher full_time India'
2026-03-17 19:06:36,013 [INFO] job_search: [search_jobs][query] sending='python pytorch scikit-learn pandas numpy fresher full_time India foundit'
2026-03-17 19:06:36,013 [INFO] job_search: [search_jobs][query] sending='python pytorch scikit-learn pandas numpy fresher full_time India google'
2026-03-17 19:06:36,014 [INFO] job_search: [search_jobs][query] sending='python pytorch scikit-learn pandas numpy fresher full_time India turing'
2026-03-17 19:06:36,014 [INFO] job_search: [search_jobs][remotive] query='python pytorch scikit-learn pandas numpy fresher full_time India' location='India' job_type='full_time'
2026-03-17 19:06:36,015 [INFO] job_search: [search_jobs][remotive] query='python pytorch scikit-learn pandas numpy fresher full_time India foundit' location='India' job_type='full_time'
2026-03-17 19:06:36,016 [INFO] job_search: [search_jobs][remotive] query='python pytorch scikit-learn pandas numpy fresher full_time India google' location='India' job_type='full_time'
2026-03-17 19:06:36,017 [INFO] job_search: [search_jobs][adzuna] request what='python pytorch scikit-learn pandas numpy fresher full_time India' url='https://api.adzuna.com/v1/api/jobs/in/search/1'
2026-03-17 19:06:36,021 [INFO] job_search: [search_jobs][remotive] query='python pytorch scikit-learn pandas numpy fresher full_time India turing' location='India' job_type='full_time'
2026-03-17 19:06:36,023 [INFO] job_search: [search_jobs][adzuna] request what='python pytorch scikit-learn pandas numpy fresher full_time India foundit' url='https://api.adzuna.com/v1/api/jobs/in/search/1'
2026-03-17 19:06:36,024 [INFO] job_search: [search_jobs][adzuna] request what='python pytorch scikit-learn pandas numpy fresher full_time India google' url='https://api.adzuna.com/v1/api/jobs/in/search/1'
2026-03-17 19:06:36,026 [INFO] job_search: [search_jobs][jooble] request keywords='python pytorch scikit-learn pandas numpy fresher full_time India' location='India'
2026-03-17 19:06:36,029 [INFO] job_search: [search_jobs][adzuna] request what='python pytorch scikit-learn pandas numpy fresher full_time India turing' url='https://api.adzuna.com/v1/api/jobs/in/search/1'
2026-03-17 19:06:36,031 [INFO] job_search: [search_jobs][jooble] request keywords='python pytorch scikit-learn pandas numpy fresher full_time India foundit' location='India'
2026-03-17 19:06:36,034 [INFO] job_search: [search_jobs][jooble] request keywords='python pytorch scikit-learn pandas numpy fresher full_time India google' location='India'
2026-03-17 19:06:36,038 [INFO] job_search: [search_jobs][jooble] request keywords='python pytorch scikit-learn pandas numpy fresher full_time India turing' location='India'
2026-03-17 19:06:37,458 [INFO] job_search: [search_jobs][remotive] api_results=0 query='python pytorch scikit-learn pandas numpy fresher full_time India turing'
2026-03-17 19:06:37,487 [INFO] job_search: [search_jobs][Remotive] returned=5 query='python pytorch scikit-learn pandas numpy fresher full_time India turing'
2026-03-17 19:06:37,488 [INFO] job_search: [search_jobs][remotive] api_results=0 query='python pytorch scikit-learn pandas numpy fresher full_time India'
2026-03-17 19:06:37,512 [INFO] job_search: [search_jobs][Remotive] returned=4 query='python pytorch scikit-learn pandas numpy fresher full_time India'
2026-03-17 19:06:37,538 [INFO] job_search: [search_jobs][remotive] api_results=0 query='python pytorch scikit-learn pandas numpy fresher full_time India foundit'
2026-03-17 19:06:37,573 [INFO] job_search: [search_jobs][Remotive] returned=4 query='python pytorch scikit-learn pandas numpy fresher full_time India foundit'
2026-03-17 19:06:37,592 [INFO] job_search: [search_jobs][remotive] api_results=0 query='python pytorch scikit-learn pandas numpy fresher full_time India google'
2026-03-17 19:06:37,656 [INFO] job_search: [search_jobs][Remotive] returned=9 query='python pytorch scikit-learn pandas numpy fresher full_time India google'
2026-03-17 19:06:37,901 [INFO] job_search: [search_jobs][jooble] api_results=30 query='python pytorch scikit-learn pandas numpy fresher full_time India foundit'
2026-03-17 19:06:37,904 [INFO] job_search: [search_jobs][Jooble] returned=20 query='python pytorch scikit-learn pandas numpy fresher full_time India foundit'
2026-03-17 19:06:37,940 [INFO] job_search: [search_jobs][jooble] api_results=30 query='python pytorch scikit-learn pandas numpy fresher full_time India'
2026-03-17 19:06:37,944 [INFO] job_search: [search_jobs][Jooble] returned=20 query='python pytorch scikit-learn pandas numpy fresher full_time India'
2026-03-17 19:06:38,380 [INFO] job_search: [search_jobs][adzuna] api_results=0 query='python pytorch scikit-learn pandas numpy fresher full_time India foundit'
2026-03-17 19:06:38,384 [INFO] job_search: [search_jobs][adzuna] api_results=0 query='python pytorch scikit-learn pandas numpy fresher full_time India'
2026-03-17 19:06:38,393 [INFO] job_search: [search_jobs][adzuna] api_results=0 query='python pytorch scikit-learn pandas numpy fresher full_time India google'
2026-03-17 19:06:38,393 [INFO] job_search: [search_jobs][adzuna] fallback_relaxed_query='python'
2026-03-17 19:06:38,395 [INFO] job_search: [search_jobs][adzuna] fallback_relaxed_query='python'
2026-03-17 19:06:38,396 [INFO] job_search: [search_jobs][adzuna] fallback_relaxed_query='python'
2026-03-17 19:06:38,398 [INFO] job_search: [search_jobs][adzuna] request what='python' url='https://api.adzuna.com/v1/api/jobs/in/search/1'
2026-03-17 19:06:38,399 [INFO] job_search: [search_jobs][adzuna] request what='python' url='https://api.adzuna.com/v1/api/jobs/in/search/1'
2026-03-17 19:06:38,400 [INFO] job_search: [search_jobs][adzuna] request what='python' url='https://api.adzuna.com/v1/api/jobs/in/search/1'
2026-03-17 19:06:38,415 [INFO] job_search: [search_jobs][adzuna] api_results=0 query='python pytorch scikit-learn pandas numpy fresher full_time India turing'
2026-03-17 19:06:38,420 [INFO] job_search: [search_jobs][adzuna] fallback_relaxed_query='python'
2026-03-17 19:06:38,425 [INFO] job_search: [search_jobs][adzuna] request what='python' url='https://api.adzuna.com/v1/api/jobs/in/search/1'
2026-03-17 19:06:38,431 [INFO] job_search: [search_jobs][jooble] api_results=30 query='python pytorch scikit-learn pandas numpy fresher full_time India turing'
2026-03-17 19:06:38,439 [INFO] job_search: [search_jobs][jooble] api_results=30 query='python pytorch scikit-learn pandas numpy fresher full_time India google'
2026-03-17 19:06:38,440 [INFO] job_search: [search_jobs][Jooble] returned=20 query='python pytorch scikit-learn pandas numpy fresher full_time India turing'
2026-03-17 19:06:38,444 [INFO] job_search: [search_jobs][Jooble] returned=20 query='python pytorch scikit-learn pandas numpy fresher full_time India google'
2026-03-17 19:06:40,444 [INFO] job_search: [search_jobs][adzuna] fallback_results=20 query='python'
2026-03-17 19:06:40,445 [INFO] job_search: [search_jobs][Adzuna] returned=20 query='python pytorch scikit-learn pandas numpy fresher full_time India foundit'
2026-03-17 19:06:40,446 [INFO] job_search: [search_jobs][query] merged_total=44 query='python pytorch scikit-learn pandas numpy fresher full_time India foundit'
2026-03-17 19:06:40,515 [INFO] job_search: [search_jobs][adzuna] fallback_results=20 query='python'
2026-03-17 19:06:40,516 [INFO] job_search: [search_jobs][Adzuna] returned=20 query='python pytorch scikit-learn pandas numpy fresher full_time India google'
2026-03-17 19:06:40,518 [INFO] job_search: [search_jobs][query] merged_total=49 query='python pytorch scikit-learn pandas numpy fresher full_time India google'
2026-03-17 19:06:40,523 [INFO] job_search: [search_jobs][adzuna] fallback_results=20 query='python'
2026-03-17 19:06:40,524 [INFO] job_search: [search_jobs][Adzuna] returned=20 query='python pytorch scikit-learn pandas numpy fresher full_time India turing'
2026-03-17 19:06:40,526 [INFO] job_search: [search_jobs][query] merged_total=45 query='python pytorch scikit-learn pandas numpy fresher full_time India turing'
2026-03-17 19:06:40,546 [INFO] job_search: [search_jobs][adzuna] fallback_results=20 query='python'
2026-03-17 19:06:40,547 [INFO] job_search: [search_jobs][Adzuna] returned=20 query='python pytorch scikit-learn pandas numpy fresher full_time India'
2026-03-17 19:06:40,548 [INFO] job_search: [search_jobs][query] merged_total=44 query='python pytorch scikit-learn pandas numpy fresher full_time India'
2026-03-17 19:06:40,552 [INFO] pipeline: [pipeline] jobs_after_multi_search=86
2026-03-17 19:06:40,554 [INFO] pipeline: [pipeline] jobs_after_experience_filter=0 (before=86 keyword='fresher')
2026-03-17 19:06:40,555 [INFO] pipeline: [pipeline] ranked_jobs_count=0
2026-03-17 19:06:40,555 [INFO] pipeline: [pipeline] no jobs matched even after fallback; forcing broadest search.
2026-03-17 19:06:40,556 [INFO] job_search: [search_jobs_multi] sending_queries=['internship', 'developer', 'python', 'data'] location='' job_type='' timeout=20 max_workers=12
2026-03-17 19:06:40,558 [INFO] job_search: [search_jobs] normalized_queries=['internship', 'developer', 'python', 'data']
2026-03-17 19:06:40,559 [INFO] job_search: [search_jobs][query] sending='internship'
2026-03-17 19:06:40,560 [INFO] job_search: [search_jobs][query] sending='developer'
2026-03-17 19:06:40,560 [INFO] job_search: [search_jobs][query] sending='python'
2026-03-17 19:06:40,560 [INFO] job_search: [search_jobs][query] sending='data'
2026-03-17 19:06:40,561 [INFO] job_search: [search_jobs][remotive] query='developer' location='' job_type=''
2026-03-17 19:06:40,562 [INFO] job_search: [search_jobs][remotive] query='internship' location='' job_type=''
2026-03-17 19:06:40,563 [INFO] job_search: [search_jobs][remotive] query='python' location='' job_type=''
2026-03-17 19:06:40,565 [INFO] job_search: [search_jobs][remotive] query='data' location='' job_type=''
2026-03-17 19:06:40,567 [INFO] job_search: [search_jobs][adzuna] request what='developer' url='https://api.adzuna.com/v1/api/jobs/in/search/1'
2026-03-17 19:06:40,568 [INFO] job_search: [search_jobs][adzuna] request what='internship' url='https://api.adzuna.com/v1/api/jobs/in/search/1'
2026-03-17 19:06:40,569 [INFO] job_search: [search_jobs][adzuna] request what='python' url='https://api.adzuna.com/v1/api/jobs/in/search/1'
2026-03-17 19:06:40,572 [INFO] job_search: [search_jobs][adzuna] request what='data' url='https://api.adzuna.com/v1/api/jobs/in/search/1'
2026-03-17 19:06:40,575 [INFO] job_search: [search_jobs][jooble] request keywords='developer' location=''
2026-03-17 19:06:40,579 [INFO] job_search: [search_jobs][jooble] request keywords='internship' location=''
2026-03-17 19:06:40,609 [INFO] job_search: [search_jobs][jooble] request keywords='python' location=''
2026-03-17 19:06:40,611 [INFO] job_search: [search_jobs][jooble] request keywords='data' location=''
2026-03-17 19:06:42,048 [INFO] job_search: [search_jobs][remotive] api_results=0 query='internship'
2026-03-17 19:06:42,070 [INFO] job_search: [search_jobs][Remotive] returned=0 query='internship'
2026-03-17 19:06:42,073 [INFO] job_search: [search_jobs][Remotive] empty response for query='internship'
2026-03-17 19:06:42,074 [INFO] job_search: [search_jobs][remotive] api_results=3 query='python'
2026-03-17 19:06:42,082 [INFO] job_search: [search_jobs][Remotive] returned=3 query='python'
2026-03-17 19:06:42,084 [INFO] job_search: [search_jobs][remotive] api_results=6 query='developer'
2026-03-17 19:06:42,095 [INFO] job_search: [search_jobs][Remotive] returned=6 query='developer'
2026-03-17 19:06:42,097 [INFO] job_search: [search_jobs][remotive] api_results=13 query='data'
2026-03-17 19:06:42,198 [INFO] job_search: [search_jobs][Remotive] returned=13 query='data'
2026-03-17 19:06:42,584 [INFO] job_search: [search_jobs][jooble] api_results=30 query='data'
2026-03-17 19:06:42,587 [INFO] job_search: [search_jobs][Jooble] returned=20 query='data'
2026-03-17 19:06:42,610 [INFO] job_search: [search_jobs][jooble] api_results=30 query='developer'
2026-03-17 19:06:42,618 [INFO] job_search: [search_jobs][jooble] api_results=29 query='internship'
2026-03-17 19:06:42,626 [INFO] job_search: [search_jobs][jooble] api_results=30 query='python'
2026-03-17 19:06:42,627 [INFO] job_search: [search_jobs][Jooble] returned=20 query='developer'
2026-03-17 19:06:42,630 [INFO] job_search: [search_jobs][Jooble] returned=19 query='internship'
2026-03-17 19:06:42,633 [INFO] job_search: [search_jobs][Jooble] returned=20 query='python'
2026-03-17 19:06:42,846 [INFO] job_search: [search_jobs][Adzuna] error query='python' error=429 Client Error: Too Many Requests for url: https://api.adzuna.com/v1/api/jobs/in/search/1?app_id=e8816211&app_key=d21301e629fb063af8e6f255cb8df7c0&what=python&results_per_page=20&content-type=application%2Fjson
2026-03-17 19:06:42,850 [INFO] job_search: [search_jobs][query] merged_total=23 query='python'
2026-03-17 19:06:43,259 [INFO] job_search: [search_jobs][adzuna] api_results=20 query='data'
2026-03-17 19:06:43,260 [INFO] job_search: [search_jobs][Adzuna] returned=20 query='data'
2026-03-17 19:06:43,262 [INFO] job_search: [search_jobs][query] merged_total=53 query='data'
2026-03-17 19:06:43,287 [INFO] job_search: [search_jobs][adzuna] api_results=20 query='internship'
2026-03-17 19:06:43,288 [INFO] job_search: [search_jobs][Adzuna] returned=20 query='internship'
2026-03-17 19:06:43,290 [INFO] job_search: [search_jobs][query] merged_total=39 query='internship'
2026-03-17 19:06:43,310 [INFO] job_search: [search_jobs][adzuna] api_results=20 query='developer'
2026-03-17 19:06:43,311 [INFO] job_search: [search_jobs][Adzuna] returned=20 query='developer'
2026-03-17 19:06:43,312 [INFO] job_search: [search_jobs][query] merged_total=46 query='developer'
2026-03-17 19:06:43,320 [INFO] pipeline: [pipeline] broadest fallback jobs count=100
2026-03-17 19:06:43,321 [INFO] pipeline: [pipeline] top_jobs=0 jobs_with_skill_match=0 csv_rows=100
2026-03-17 19:06:43,325 [INFO] pipeline: [pipeline] csv_written path=C:\shikher_jain\Automatic\Cold_mail\generated\user_shikherjain786_at_gmail_com\hr.csv rows=100
2026-03-17 19:06:54,458 [INFO] __main__: Generated 100 leads for user_id=2
2026-03-18 02:45:38,029 [INFO] __main__: User logged in: shikherjain786@gmail.com
